[001/090] 01_Number_Systems / 01_01_Concept_Map
[002/090] 01_Number_Systems / 02_02_Methods_and_Problem_Solving
[003/090] 01_Number_Systems / 03_03_Advanced_View
[004/090] 02_Fractions_Decimals_Percentages / 01_01_Concept_Map
[005/090] 02_Fractions_Decimals_Percentages / 02_02_Methods_and_Problem_Solving
[006/090] 02_Fractions_Decimals_Percentages / 03_03_Advanced_View
[007/090] 03_Ratios_Proportions_and_Unit_Rates / 01_01_Concept_Map
[008/090] 03_Ratios_Proportions_and_Unit_Rates / 02_02_Methods_and_Problem_Solving
[009/090] 03_Ratios_Proportions_and_Unit_Rates / 03_03_Advanced_View
[010/090] 04_Exponents_Radicals_and_Logarithms / 01_01_Concept_Map
[011/090] 04_Exponents_Radicals_and_Logarithms / 02_02_Methods_and_Problem_Solving
[012/090] 04_Exponents_Radicals_and_Logarithms / 03_03_Advanced_View
[013/090] 05_Algebraic_Expressions_and_Identities / 01_01_Concept_Map
[014/090] 05_Algebraic_Expressions_and_Identities / 02_02_Methods_and_Problem_Solving
[015/090] 05_Algebraic_Expressions_and_Identities / 03_03_Advanced_View
[016/090] 06_Linear_Equations_and_Inequalities / 01_01_Concept_Map
[017/090] 06_Linear_Equations_and_Inequalities / 02_02_Methods_and_Problem_Solving
[018/090] 06_Linear_Equations_and_Inequalities / 03_03_Advanced_View
[020/090] 07_Coordinate_Geometry_and_Slope / 02_02_Methods_and_Problem_Solving
[021/090] 07_Coordinate_Geometry_and_Slope / 03_03_Advanced_View
[019/090] 07_Coordinate_Geometry_and_Slope / 01_01_Concept_Map
[022/090] 08_Euclidean_Geometry_Basics / 01_01_Concept_Map
[024/090] 08_Euclidean_Geometry_Basics / 03_03_Advanced_View
[023/090] 08_Euclidean_Geometry_Basics / 02_02_Methods_and_Problem_Solving
[025/090] 09_Triangles_Congruence_and_Similarity / 01_01_Concept_Map
[026/090] 09_Triangles_Congruence_and_Similarity / 02_02_Methods_and_Problem_Solving
[027/090] 09_Triangles_Congruence_and_Similarity / 03_03_Advanced_View
[028/090] 10_Circles_and_Theorems / 01_01_Concept_Map
[029/090] 10_Circles_and_Theorems / 02_02_Methods_and_Problem_Solving
[030/090] 10_Circles_and_Theorems / 03_03_Advanced_View
[031/090] 11_Area_Surface_Area_and_Volume / 01_01_Concept_Map
[032/090] 11_Area_Surface_Area_and_Volume / 02_02_Methods_and_Problem_Solving
[033/090] 11_Area_Surface_Area_and_Volume / 03_03_Advanced_View
[034/090] 12_Sequences_and_Series / 01_01_Concept_Map
[035/090] 12_Sequences_and_Series / 02_02_Methods_and_Problem_Solving
[036/090] 12_Sequences_and_Series / 03_03_Advanced_View
[037/090] 13_Functions_and_Graphs / 01_01_Concept_Map
[038/090] 13_Functions_and_Graphs / 02_02_Methods_and_Problem_Solving
[039/090] 13_Functions_and_Graphs / 03_03_Advanced_View
[040/090] 14_Quadratic_Functions_and_Equations / 01_01_Concept_Map
[041/090] 14_Quadratic_Functions_and_Equations / 02_02_Methods_and_Problem_Solving
[042/090] 14_Quadratic_Functions_and_Equations / 03_03_Advanced_View
[045/090] 15_Trigonometry / 03_03_Advanced_View
[043/090] 15_Trigonometry / 01_01_Concept_Map
[044/090] 15_Trigonometry / 02_02_Methods_and_Problem_Solving
[047/090] 16_Analytic_Geometry_Conics / 02_02_Methods_and_Problem_Solving
[046/090] 16_Analytic_Geometry_Conics / 01_01_Concept_Map
[048/090] 16_Analytic_Geometry_Conics / 03_03_Advanced_View
[049/090] 17_Matrices_and_Determinants / 01_01_Concept_Map
[050/090] 17_Matrices_and_Determinants / 02_02_Methods_and_Problem_Solving
[051/090] 17_Matrices_and_Determinants / 03_03_Advanced_View
[052/090] 18_Vectors_and_3D_Geometry / 01_01_Concept_Map
[053/090] 18_Vectors_and_3D_Geometry / 02_02_Methods_and_Problem_Solving
[054/090] 18_Vectors_and_3D_Geometry / 03_03_Advanced_View
[055/090] 19_Limits_and_Continuity / 01_01_Concept_Map
[056/090] 19_Limits_and_Continuity / 02_02_Methods_and_Problem_Solving
[057/090] 19_Limits_and_Continuity / 03_03_Advanced_View
[058/090] 20_Differentiation / 01_01_Concept_Map
[059/090] 20_Differentiation / 02_02_Methods_and_Problem_Solving
[060/090] 20_Differentiation / 03_03_Advanced_View
[061/090] 21_Integration / 01_01_Concept_Map
[062/090] 21_Integration / 02_02_Methods_and_Problem_Solving
[063/090] 21_Integration / 03_03_Advanced_View
[064/090] 22_Differential_Equations / 01_01_Concept_Map
[065/090] 22_Differential_Equations / 02_02_Methods_and_Problem_Solving
[066/090] 22_Differential_Equations / 03_03_Advanced_View
[067/090] 23_Probability / 01_01_Concept_Map
[068/090] 23_Probability / 02_02_Methods_and_Problem_Solving
[069/090] 23_Probability / 03_03_Advanced_View
[070/090] 24_Statistics_and_Data_Visualization / 01_01_Concept_Map
[071/090] 24_Statistics_and_Data_Visualization / 02_02_Methods_and_Problem_Solving
[072/090] 24_Statistics_and_Data_Visualization / 03_03_Advanced_View
[073/090] 25_Combinatorics_and_Counting / 01_01_Concept_Map
[074/090] 25_Combinatorics_and_Counting / 02_02_Methods_and_Problem_Solving
[075/090] 25_Combinatorics_and_Counting / 03_03_Advanced_View
[076/090] 26_Set_Theory_and_Logic / 01_01_Concept_Map
[077/090] 26_Set_Theory_and_Logic / 02_02_Methods_and_Problem_Solving
[078/090] 26_Set_Theory_and_Logic / 03_03_Advanced_View
[079/090] 27_Graph_Theory / 01_01_Concept_Map
[080/090] 27_Graph_Theory / 02_02_Methods_and_Problem_Solving
[081/090] 27_Graph_Theory / 03_03_Advanced_View
[082/090] 28_Abstract_Algebra / 01_01_Concept_Map
[083/090] 28_Abstract_Algebra / 02_02_Methods_and_Problem_Solving
[084/090] 28_Abstract_Algebra / 03_03_Advanced_View
[085/090] 29_Real_Analysis / 01_01_Concept_Map
[086/090] 29_Real_Analysis / 02_02_Methods_and_Problem_Solving
[087/090] 29_Real_Analysis / 03_03_Advanced_View
[088/090] 30_Linear_Algebra_Advanced / 01_01_Concept_Map
[089/090] 30_Linear_Algebra_Advanced / 02_02_Methods_and_Problem_Solving
[090/090] 30_Linear_Algebra_Advanced / 03_03_Advanced_View
Done. Rendered 180 PNG files into C:\Indian Servers\Interactive Biology App\Image text Prompts\Maths\Generated_Infographics_All
